<?xml version="1.0" encoding="UTF-8"?>
<testsuite xmlns:xsi="http://www.w3.org/2001/XMLSchema-instance" xsi:noNamespaceSchemaLocation="https://maven.apache.org/surefire/maven-surefire-plugin/xsd/surefire-test-report-3.0.xsd" version="3.0" name="com.n3.mebe.ProjectMeBeApplicationTests" time="8.515" tests="1" errors="0" skipped="0" failures="0">
  <properties>
[...]
</properties>
  <testcase name="contextLoads" classname="com.n3.mebe.ProjectMeBeApplicationTests" time="0.564">
    <system-out><![CDATA[00:30:42.149 [main] INFO org.springframework.boot.devtools.restart.RestartApplicationListener -- Restart disabled due to context in which it is running
  .   ____          _            __ _ _
 /\\ / ___'_ __ _ _(_)_ __  __ _ \ \ \ \
( ( )\___ | '_ | '_| | '_ \/ _` | \ \ \ \
 \\/  ___)| |_)| | | | | || (_| |  ) ) ) )
  '  |____| .__|_| |_|_| |_\__, | / / / /
 =========|_|==============|___/=/_/_/_/

 :: Spring Boot ::                (v3.3.0)

2024-07-06T00:30:42.481+07:00  INFO 13492 --- [           main] c.n3.mebe.ProjectMeBeApplicationTests    : Starting ProjectMeBeApplicationTests using Java 17.0.10 with PID 13492 (started by vipha in C:\Users\vipha\OneDrive\Desktop\code_main\N3_JS1804_SWP391\BE\Project_MeBe)
2024-07-06T00:30:42.483+07:00  INFO 13492 --- [           main] c.n3.mebe.ProjectMeBeApplicationTests    : No active profile set, falling back to 1 default profile: "default"
2024-07-06T00:30:43.637+07:00  INFO 13492 --- [           main] .s.d.r.c.RepositoryConfigurationDelegate : Multiple Spring Data modules found, entering strict repository configuration mode
2024-07-06T00:30:43.638+07:00  INFO 13492 --- [           main] .s.d.r.c.RepositoryConfigurationDelegate : Bootstrapping Spring Data JPA repositories in DEFAULT mode.
2024-07-06T00:30:43.837+07:00  INFO 13492 --- [           main] .s.d.r.c.RepositoryConfigurationDelegate : Finished Spring Data repository scanning in 189 ms. Found 10 JPA repository interfaces.
2024-07-06T00:30:43.863+07:00  INFO 13492 --- [           main] .s.d.r.c.RepositoryConfigurationDelegate : Multiple Spring Data modules found, entering strict repository configuration mode
2024-07-06T00:30:43.864+07:00  INFO 13492 --- [           main] .s.d.r.c.RepositoryConfigurationDelegate : Bootstrapping Spring Data Redis repositories in DEFAULT mode.
2024-07-06T00:30:43.891+07:00  INFO 13492 --- [           main] .RepositoryConfigurationExtensionSupport : Spring Data Redis - Could not safely identify store assignment for repository candidate interface com.n3.mebe.repository.IAddressRepository; If you want this repository to be a Redis repository, consider annotating your entities with one of these annotations: org.springframework.data.redis.core.RedisHash (preferred), or consider extending one of the following types with your repository: org.springframework.data.keyvalue.repository.KeyValueRepository
2024-07-06T00:30:43.891+07:00  INFO 13492 --- [           main] .RepositoryConfigurationExtensionSupport : Spring Data Redis - Could not safely identify store assignment for repository candidate interface com.n3.mebe.repository.ICategoryRepository; If you want this repository to be a Redis repository, consider annotating your entities with one of these annotations: org.springframework.data.redis.core.RedisHash (preferred), or consider extending one of the following types with your repository: org.springframework.data.keyvalue.repository.KeyValueRepository
2024-07-06T00:30:43.892+07:00  INFO 13492 --- [           main] .RepositoryConfigurationExtensionSupport : Spring Data Redis - Could not safely identify store assignment for repository candidate interface com.n3.mebe.repository.IOrderDetailsRepository; If you want this repository to be a Redis repository, consider annotating your entities with one of these annotations: org.springframework.data.redis.core.RedisHash (preferred), or consider extending one of the following types with your repository: org.springframework.data.keyvalue.repository.KeyValueRepository
2024-07-06T00:30:43.892+07:00  INFO 13492 --- [           main] .RepositoryConfigurationExtensionSupport : Spring Data Redis - Could not safely identify store assignment for repository candidate interface com.n3.mebe.repository.IOrderRepository; If you want this repository to be a Redis repository, consider annotating your entities with one of these annotations: org.springframework.data.redis.core.RedisHash (preferred), or consider extending one of the following types with your repository: org.springframework.data.keyvalue.repository.KeyValueRepository
2024-07-06T00:30:43.893+07:00  INFO 13492 --- [           main] .RepositoryConfigurationExtensionSupport : Spring Data Redis - Could not safely identify store assignment for repository candidate interface com.n3.mebe.repository.IPaymentRepository; If you want this repository to be a Redis repository, consider annotating your entities with one of these annotations: org.springframework.data.redis.core.RedisHash (preferred), or consider extending one of the following types with your repository: org.springframework.data.keyvalue.repository.KeyValueRepository
2024-07-06T00:30:43.893+07:00  INFO 13492 --- [           main] .RepositoryConfigurationExtensionSupport : Spring Data Redis - Could not safely identify store assignment for repository candidate interface com.n3.mebe.repository.IProductRespository; If you want this repository to be a Redis repository, consider annotating your entities with one of these annotations: org.springframework.data.redis.core.RedisHash (preferred), or consider extending one of the following types with your repository: org.springframework.data.keyvalue.repository.KeyValueRepository
2024-07-06T00:30:43.893+07:00  INFO 13492 --- [           main] .RepositoryConfigurationExtensionSupport : Spring Data Redis - Could not safely identify store assignment for repository candidate interface com.n3.mebe.repository.IReviewRepository; If you want this repository to be a Redis repository, consider annotating your entities with one of these annotations: org.springframework.data.redis.core.RedisHash (preferred), or consider extending one of the following types with your repository: org.springframework.data.keyvalue.repository.KeyValueRepository
2024-07-06T00:30:43.894+07:00  INFO 13492 --- [           main] .RepositoryConfigurationExtensionSupport : Spring Data Redis - Could not safely identify store assignment for repository candidate interface com.n3.mebe.repository.ISubCategoryRepository; If you want this repository to be a Redis repository, consider annotating your entities with one of these annotations: org.springframework.data.redis.core.RedisHash (preferred), or consider extending one of the following types with your repository: org.springframework.data.keyvalue.repository.KeyValueRepository
2024-07-06T00:30:43.894+07:00  INFO 13492 --- [           main] .RepositoryConfigurationExtensionSupport : Spring Data Redis - Could not safely identify store assignment for repository candidate interface com.n3.mebe.repository.IUserRepository; If you want this repository to be a Redis repository, consider annotating your entities with one of these annotations: org.springframework.data.redis.core.RedisHash (preferred), or consider extending one of the following types with your repository: org.springframework.data.keyvalue.repository.KeyValueRepository
2024-07-06T00:30:43.894+07:00  INFO 13492 --- [           main] .RepositoryConfigurationExtensionSupport : Spring Data Redis - Could not safely identify store assignment for repository candidate interface com.n3.mebe.repository.IWishListRepository; If you want this repository to be a Redis repository, consider annotating your entities with one of these annotations: org.springframework.data.redis.core.RedisHash (preferred), or consider extending one of the following types with your repository: org.springframework.data.keyvalue.repository.KeyValueRepository
2024-07-06T00:30:43.895+07:00  INFO 13492 --- [           main] .s.d.r.c.RepositoryConfigurationDelegate : Finished Spring Data repository scanning in 15 ms. Found 0 Redis repository interfaces.
2024-07-06T00:30:44.665+07:00  INFO 13492 --- [           main] o.hibernate.jpa.internal.util.LogHelper  : HHH000204: Processing PersistenceUnitInfo [name: default]
2024-07-06T00:30:44.738+07:00  INFO 13492 --- [           main] org.hibernate.Version                    : HHH000412: Hibernate ORM core version 6.5.2.Final
2024-07-06T00:30:44.797+07:00  INFO 13492 --- [           main] o.h.c.internal.RegionFactoryInitiator    : HHH000026: Second-level cache disabled
2024-07-06T00:30:45.202+07:00  INFO 13492 --- [           main] o.s.o.j.p.SpringPersistenceUnitInfo      : No LoadTimeWeaver setup: ignoring JPA class transformer
2024-07-06T00:30:45.249+07:00  INFO 13492 --- [           main] com.zaxxer.hikari.HikariDataSource       : HikariPool-1 - Starting...
2024-07-06T00:30:45.540+07:00  INFO 13492 --- [           main] com.zaxxer.hikari.pool.HikariPool        : HikariPool-1 - Added connection ConnectionID:1 ClientConnectionId: 3a3cc74d-46f1-40cf-af7a-266a1f52c021
2024-07-06T00:30:45.553+07:00  INFO 13492 --- [           main] com.zaxxer.hikari.HikariDataSource       : HikariPool-1 - Start completed.
2024-07-06T00:30:45.586+07:00  WARN 13492 --- [           main] org.hibernate.orm.deprecation            : HHH90000025: SQLServerDialect does not need to be specified explicitly using 'hibernate.dialect' (remove the property setting and it will be selected by default)
2024-07-06T00:30:47.017+07:00  INFO 13492 --- [           main] o.h.e.t.j.p.i.JtaPlatformInitiator       : HHH000489: No JTA platform available (set 'hibernate.transaction.jta.platform' to enable JTA platform integration)
2024-07-06T00:30:47.020+07:00  INFO 13492 --- [           main] j.LocalContainerEntityManagerFactoryBean : Initialized JPA EntityManagerFactory for persistence unit 'default'
2024-07-06T00:30:47.496+07:00  INFO 13492 --- [           main] o.s.d.j.r.query.QueryEnhancerFactory     : Hibernate is in classpath; If applicable, HQL parser will be used.
2024-07-06T00:30:48.688+07:00  WARN 13492 --- [           main] JpaBaseConfiguration$JpaWebConfiguration : spring.jpa.open-in-view is enabled by default. Therefore, database queries may be performed during view rendering. Explicitly configure spring.jpa.open-in-view to disable this warning
2024-07-06T00:30:48.718+07:00  INFO 13492 --- [           main] r$InitializeUserDetailsManagerConfigurer : Global AuthenticationManager configured with UserDetailsService bean with name customUserDetailService
2024-07-06T00:30:49.141+07:00  INFO 13492 --- [           main] o.s.s.web.DefaultSecurityFilterChain     : Will secure any request with [org.springframework.security.web.session.DisableEncodeUrlFilter@753aacf, org.springframework.security.web.context.request.async.WebAsyncManagerIntegrationFilter@19b656b0, org.springframework.security.web.context.SecurityContextHolderFilter@5c29c01b, org.springframework.security.web.header.HeaderWriterFilter@77eab063, org.springframework.security.web.authentication.logout.LogoutFilter@42000b02, com.n3.mebe.security.CustomJwtFilter@12e4c6a0, org.springframework.security.web.savedrequest.RequestCacheAwareFilter@174bbe8e, org.springframework.security.web.servletapi.SecurityContextHolderAwareRequestFilter@123a0b95, org.springframework.security.web.authentication.AnonymousAuthenticationFilter@346ea2ed, org.springframework.security.web.session.SessionManagementFilter@757e13b2, org.springframework.security.web.access.ExceptionTranslationFilter@c95213a, org.springframework.security.web.access.intercept.AuthorizationFilter@2438702]
2024-07-06T00:30:49.624+07:00  INFO 13492 --- [           main] c.n3.mebe.ProjectMeBeApplicationTests    : Started ProjectMeBeApplicationTests in 7.491 seconds (process running for 8.701)
]]></system-out>
  </testcase>
</testsuite>