<?xml version="1.0" encoding="UTF-8"?>
<testsuite xmlns:xsi="http://www.w3.org/2001/XMLSchema-instance" xsi:noNamespaceSchemaLocation="https://maven.apache.org/surefire/maven-surefire-plugin/xsd/surefire-test-report-3.0.xsd" version="3.0" name="com.n3.mebe.ProjectMeBeApplicationTests" time="8.698" tests="1" errors="0" skipped="0" failures="0">
  <properties>
[...]
</properties>
  <testcase name="contextLoads" classname="com.n3.mebe.ProjectMeBeApplicationTests" time="0.337">
    <system-out><![CDATA[22:26:59.211 [main] INFO org.springframework.boot.devtools.restart.RestartApplicationListener -- Restart disabled due to context in which it is running
  .   ____          _            __ _ _
 /\\ / ___'_ __ _ _(_)_ __  __ _ \ \ \ \
( ( )\___ | '_ | '_| | '_ \/ _` | \ \ \ \
 \\/  ___)| |_)| | | | | || (_| |  ) ) ) )
  '  |____| .__|_| |_|_| |_\__, | / / / /
 =========|_|==============|___/=/_/_/_/

 :: Spring Boot ::                (v3.3.0)

2024-07-04T22:26:59.524+07:00  INFO 21860 --- [           main] c.n3.mebe.ProjectMeBeApplicationTests    : Starting ProjectMeBeApplicationTests using Java 17.0.10 with PID 21860 (started by vipha in C:\Users\vipha\OneDrive\Desktop\test_servere\BE\Project_MeBe)
2024-07-04T22:26:59.525+07:00  INFO 21860 --- [           main] c.n3.mebe.ProjectMeBeApplicationTests    : No active profile set, falling back to 1 default profile: "default"
2024-07-04T22:27:00.637+07:00  INFO 21860 --- [           main] .s.d.r.c.RepositoryConfigurationDelegate : Multiple Spring Data modules found, entering strict repository configuration mode
2024-07-04T22:27:00.639+07:00  INFO 21860 --- [           main] .s.d.r.c.RepositoryConfigurationDelegate : Bootstrapping Spring Data JPA repositories in DEFAULT mode.
2024-07-04T22:27:00.810+07:00  INFO 21860 --- [           main] .s.d.r.c.RepositoryConfigurationDelegate : Finished Spring Data repository scanning in 163 ms. Found 10 JPA repository interfaces.
2024-07-04T22:27:00.832+07:00  INFO 21860 --- [           main] .s.d.r.c.RepositoryConfigurationDelegate : Multiple Spring Data modules found, entering strict repository configuration mode
2024-07-04T22:27:00.833+07:00  INFO 21860 --- [           main] .s.d.r.c.RepositoryConfigurationDelegate : Bootstrapping Spring Data Redis repositories in DEFAULT mode.
2024-07-04T22:27:00.853+07:00  INFO 21860 --- [           main] .RepositoryConfigurationExtensionSupport : Spring Data Redis - Could not safely identify store assignment for repository candidate interface com.n3.mebe.repository.IAddressRepository; If you want this repository to be a Redis repository, consider annotating your entities with one of these annotations: org.springframework.data.redis.core.RedisHash (preferred), or consider extending one of the following types with your repository: org.springframework.data.keyvalue.repository.KeyValueRepository
2024-07-04T22:27:00.853+07:00  INFO 21860 --- [           main] .RepositoryConfigurationExtensionSupport : Spring Data Redis - Could not safely identify store assignment for repository candidate interface com.n3.mebe.repository.ICategoryRepository; If you want this repository to be a Redis repository, consider annotating your entities with one of these annotations: org.springframework.data.redis.core.RedisHash (preferred), or consider extending one of the following types with your repository: org.springframework.data.keyvalue.repository.KeyValueRepository
2024-07-04T22:27:00.853+07:00  INFO 21860 --- [           main] .RepositoryConfigurationExtensionSupport : Spring Data Redis - Could not safely identify store assignment for repository candidate interface com.n3.mebe.repository.IOrderDetailsRepository; If you want this repository to be a Redis repository, consider annotating your entities with one of these annotations: org.springframework.data.redis.core.RedisHash (preferred), or consider extending one of the following types with your repository: org.springframework.data.keyvalue.repository.KeyValueRepository
2024-07-04T22:27:00.854+07:00  INFO 21860 --- [           main] .RepositoryConfigurationExtensionSupport : Spring Data Redis - Could not safely identify store assignment for repository candidate interface com.n3.mebe.repository.IOrderRepository; If you want this repository to be a Redis repository, consider annotating your entities with one of these annotations: org.springframework.data.redis.core.RedisHash (preferred), or consider extending one of the following types with your repository: org.springframework.data.keyvalue.repository.KeyValueRepository
2024-07-04T22:27:00.854+07:00  INFO 21860 --- [           main] .RepositoryConfigurationExtensionSupport : Spring Data Redis - Could not safely identify store assignment for repository candidate interface com.n3.mebe.repository.IPaymentRepository; If you want this repository to be a Redis repository, consider annotating your entities with one of these annotations: org.springframework.data.redis.core.RedisHash (preferred), or consider extending one of the following types with your repository: org.springframework.data.keyvalue.repository.KeyValueRepository
2024-07-04T22:27:00.855+07:00  INFO 21860 --- [           main] .RepositoryConfigurationExtensionSupport : Spring Data Redis - Could not safely identify store assignment for repository candidate interface com.n3.mebe.repository.IProductRespository; If you want this repository to be a Redis repository, consider annotating your entities with one of these annotations: org.springframework.data.redis.core.RedisHash (preferred), or consider extending one of the following types with your repository: org.springframework.data.keyvalue.repository.KeyValueRepository
2024-07-04T22:27:00.855+07:00  INFO 21860 --- [           main] .RepositoryConfigurationExtensionSupport : Spring Data Redis - Could not safely identify store assignment for repository candidate interface com.n3.mebe.repository.IReviewRepository; If you want this repository to be a Redis repository, consider annotating your entities with one of these annotations: org.springframework.data.redis.core.RedisHash (preferred), or consider extending one of the following types with your repository: org.springframework.data.keyvalue.repository.KeyValueRepository
2024-07-04T22:27:00.856+07:00  INFO 21860 --- [           main] .RepositoryConfigurationExtensionSupport : Spring Data Redis - Could not safely identify store assignment for repository candidate interface com.n3.mebe.repository.ISubCategoryRepository; If you want this repository to be a Redis repository, consider annotating your entities with one of these annotations: org.springframework.data.redis.core.RedisHash (preferred), or consider extending one of the following types with your repository: org.springframework.data.keyvalue.repository.KeyValueRepository
2024-07-04T22:27:00.856+07:00  INFO 21860 --- [           main] .RepositoryConfigurationExtensionSupport : Spring Data Redis - Could not safely identify store assignment for repository candidate interface com.n3.mebe.repository.IUserRepository; If you want this repository to be a Redis repository, consider annotating your entities with one of these annotations: org.springframework.data.redis.core.RedisHash (preferred), or consider extending one of the following types with your repository: org.springframework.data.keyvalue.repository.KeyValueRepository
2024-07-04T22:27:00.856+07:00  INFO 21860 --- [           main] .RepositoryConfigurationExtensionSupport : Spring Data Redis - Could not safely identify store assignment for repository candidate interface com.n3.mebe.repository.IWishListRepository; If you want this repository to be a Redis repository, consider annotating your entities with one of these annotations: org.springframework.data.redis.core.RedisHash (preferred), or consider extending one of the following types with your repository: org.springframework.data.keyvalue.repository.KeyValueRepository
2024-07-04T22:27:00.857+07:00  INFO 21860 --- [           main] .s.d.r.c.RepositoryConfigurationDelegate : Finished Spring Data repository scanning in 14 ms. Found 0 Redis repository interfaces.
2024-07-04T22:27:01.587+07:00  INFO 21860 --- [           main] o.hibernate.jpa.internal.util.LogHelper  : HHH000204: Processing PersistenceUnitInfo [name: default]
2024-07-04T22:27:01.637+07:00  INFO 21860 --- [           main] org.hibernate.Version                    : HHH000412: Hibernate ORM core version 6.5.2.Final
2024-07-04T22:27:01.675+07:00  INFO 21860 --- [           main] o.h.c.internal.RegionFactoryInitiator    : HHH000026: Second-level cache disabled
2024-07-04T22:27:02.015+07:00  INFO 21860 --- [           main] o.s.o.j.p.SpringPersistenceUnitInfo      : No LoadTimeWeaver setup: ignoring JPA class transformer
2024-07-04T22:27:02.040+07:00  INFO 21860 --- [           main] com.zaxxer.hikari.HikariDataSource       : HikariPool-1 - Starting...
2024-07-04T22:27:02.276+07:00  INFO 21860 --- [           main] com.zaxxer.hikari.pool.HikariPool        : HikariPool-1 - Added connection ConnectionID:1 ClientConnectionId: 4645dc52-0960-4fcf-a26c-9e4b5acf83e9
2024-07-04T22:27:02.278+07:00  INFO 21860 --- [           main] com.zaxxer.hikari.HikariDataSource       : HikariPool-1 - Start completed.
2024-07-04T22:27:02.303+07:00  WARN 21860 --- [           main] org.hibernate.orm.deprecation            : HHH90000025: SQLServerDialect does not need to be specified explicitly using 'hibernate.dialect' (remove the property setting and it will be selected by default)
2024-07-04T22:27:03.486+07:00  INFO 21860 --- [           main] o.h.e.t.j.p.i.JtaPlatformInitiator       : HHH000489: No JTA platform available (set 'hibernate.transaction.jta.platform' to enable JTA platform integration)
2024-07-04T22:27:03.488+07:00  INFO 21860 --- [           main] j.LocalContainerEntityManagerFactoryBean : Initialized JPA EntityManagerFactory for persistence unit 'default'
2024-07-04T22:27:04.402+07:00  INFO 21860 --- [           main] o.s.d.j.r.query.QueryEnhancerFactory     : Hibernate is in classpath; If applicable, HQL parser will be used.
2024-07-04T22:27:05.601+07:00  WARN 21860 --- [           main] JpaBaseConfiguration$JpaWebConfiguration : spring.jpa.open-in-view is enabled by default. Therefore, database queries may be performed during view rendering. Explicitly configure spring.jpa.open-in-view to disable this warning
2024-07-04T22:27:05.677+07:00  INFO 21860 --- [           main] r$InitializeUserDetailsManagerConfigurer : Global AuthenticationManager configured with UserDetailsService bean with name customUserDetailService
2024-07-04T22:27:06.425+07:00  INFO 21860 --- [           main] o.s.s.web.DefaultSecurityFilterChain     : Will secure any request with [org.springframework.security.web.session.DisableEncodeUrlFilter@2c002f95, org.springframework.security.web.context.request.async.WebAsyncManagerIntegrationFilter@5f5efbfc, org.springframework.security.web.context.SecurityContextHolderFilter@7a4729e6, org.springframework.security.web.header.HeaderWriterFilter@3dbdc1f6, org.springframework.security.web.authentication.logout.LogoutFilter@25f73ef, com.n3.mebe.security.CustomJwtFilter@4f36fc2d, org.springframework.security.web.savedrequest.RequestCacheAwareFilter@7262f848, org.springframework.security.web.servletapi.SecurityContextHolderAwareRequestFilter@70a416c, org.springframework.security.web.authentication.AnonymousAuthenticationFilter@317c16bd, org.springframework.security.web.session.SessionManagementFilter@599e81bd, org.springframework.security.web.access.ExceptionTranslationFilter@17c4dcc6, org.springframework.security.web.access.intercept.AuthorizationFilter@39894485]
2024-07-04T22:27:07.205+07:00  INFO 21860 --- [           main] c.n3.mebe.ProjectMeBeApplicationTests    : Started ProjectMeBeApplicationTests in 8.005 seconds (process running for 8.928)
]]></system-out>
  </testcase>
</testsuite>